2025-10-19 22:13:42 - AITrader - INFO - 🚀 Инициализация AI Trader...
2025-10-19 22:13:42 - AITrader - INFO - ✅ Настройки проверены
2025-10-19 22:14:35 - AITrader - INFO - ✅ AI Trader успешно инициализирован
2025-10-19 22:15:07 - AITrader - INFO - ==================================================
2025-10-19 22:15:07 - AITrader - INFO - 📊 ИНФОРМАЦИЯ О СЧЕТЕ
2025-10-19 22:15:07 - AITrader - INFO - ==================================================
2025-10-19 22:15:07 - AITrader - INFO - 👤 Логин: 2000067543
2025-10-19 22:15:07 - AITrader - INFO - 🏢 Брокер: ООО ''Альфа-Форекс''
2025-10-19 22:15:07 - AITrader - INFO - 💳 Баланс: 100028.30 RUB
2025-10-19 22:15:07 - AITrader - INFO - 📈 Эквити: 100028.30 RUB
2025-10-19 22:15:07 - AITrader - INFO - 🆓 Свободная маржа: 100028.30 RUB
2025-10-19 22:15:07 - AITrader - INFO - ⚖️ Кредитное плечо: 1:40
2025-10-19 22:15:07 - AITrader - INFO - 🌐 Сервер: AlfaForexRU-Real
2025-10-19 22:15:07 - AITrader - INFO - 📭 Нет открытых позиций
2025-10-19 22:15:32 - AITrader - INFO - 🧪 Тестовая сделка для EURUSD
2025-10-19 22:15:34 - AITrader - ERROR - ❌ Тестовая сделка не удалась: Все попытки выполнить операцию не удались
2025-10-19 22:23:14 - AITrader - INFO - 🎯 Запуск стратегии для EURUSDrfd H15
2025-10-19 22:23:14 - AITrader - ERROR - ❌ Не удалось получить данные
2025-10-19 22:25:05 - AITrader - INFO - 🛑 Завершение работы AI Trader...
2025-10-19 22:25:05 - AITrader - INFO - 👋 AI Trader остановлен
2025-10-19 22:34:32 - AITrader - INFO - 🚀 Инициализация AI Trader...
2025-10-19 22:34:32 - AITrader - INFO - ✅ Настройки проверены
2025-10-19 22:34:32 - AITrader - INFO - ✅ AI Trader успешно инициализирован
2025-10-19 22:34:32 - AITrader - ERROR - 💥 Критическая ошибка: 'AITrader' object has no attribute 'run_interactive_mode'
2025-10-19 22:34:32 - AITrader - INFO - 🛑 Завершение работы AI Trader...
2025-10-19 22:34:32 - AITrader - INFO - 👋 AI Trader остановлен
2025-10-19 22:34:50 - AITrader - INFO - 🚀 Инициализация AI Trader...
2025-10-19 22:34:50 - AITrader - INFO - ✅ Настройки проверены
2025-10-19 22:34:50 - AITrader - INFO - ✅ AI Trader успешно инициализирован
2025-10-19 22:35:00 - AITrader - INFO - ==================================================
2025-10-19 22:35:00 - AITrader - INFO - 📊 ИНФОРМАЦИЯ О СЧЕТЕ
2025-10-19 22:35:00 - AITrader - INFO - ==================================================
2025-10-19 22:35:00 - AITrader - INFO - 👤 Логин: 2000067543
2025-10-19 22:35:00 - AITrader - INFO - 🏢 Брокер: ООО ''Альфа-Форекс''
2025-10-19 22:35:00 - AITrader - INFO - 💳 Баланс: 100028.30 RUB
2025-10-19 22:35:00 - AITrader - INFO - 📈 Эквити: 100028.30 RUB
2025-10-19 22:35:00 - AITrader - INFO - 🆓 Свободная маржа: 100028.30 RUB
2025-10-19 22:35:00 - AITrader - INFO - ⚖️ Кредитное плечо: 1:40
2025-10-19 22:35:00 - AITrader - INFO - 🌐 Сервер: AlfaForexRU-Real
2025-10-19 22:35:00 - AITrader - INFO - 📭 Нет открытых позиций
2025-10-19 22:53:18 - AITrader - INFO - 🛑 Завершение работы AI Trader...
2025-10-19 22:53:18 - AITrader - INFO - 👋 AI Trader остановлен
2025-10-19 22:53:26 - AITrader - INFO - 🚀 Инициализация AI Trader...
2025-10-19 22:53:26 - AITrader - INFO - ✅ Настройки проверены
2025-10-19 22:53:26 - AITrader - INFO - ✅ AI Trader успешно инициализирован
2025-10-19 22:53:40 - AITrader - INFO - ==================================================
2025-10-19 22:53:40 - AITrader - INFO - 📊 ИНФОРМАЦИЯ О СЧЕТЕ
2025-10-19 22:53:40 - AITrader - INFO - ==================================================
2025-10-19 22:53:40 - AITrader - INFO - 👤 Логин: 2000067543
2025-10-19 22:53:40 - AITrader - INFO - 🏢 Брокер: ООО ''Альфа-Форекс''
2025-10-19 22:53:40 - AITrader - INFO - 💳 Баланс: 100028.30 RUB
2025-10-19 22:53:40 - AITrader - INFO - 📈 Эквити: 100028.30 RUB
2025-10-19 22:53:40 - AITrader - INFO - 🆓 Свободная маржа: 100028.30 RUB
2025-10-19 22:53:40 - AITrader - INFO - ⚖️ Кредитное плечо: 1:40
2025-10-19 22:53:40 - AITrader - INFO - 🌐 Сервер: AlfaForexRU-Real
2025-10-19 22:53:40 - AITrader - INFO - 📭 Нет открытых позиций
2025-10-19 22:54:38 - AITrader - INFO - 🎓 Начало обучения для EURUSDrfd M15
2025-10-19 22:54:38 - AITrader - INFO - ✅ Обучение завершено. Получено 2832 баров
2025-10-19 22:54:38 - AITrader - INFO - 📈 Анализ: Тренд: НИСХОДЯЩИЙ, Волатильность: 0.00064, RSI: ПЕРЕПРОДАН (25.6)
2025-10-19 22:54:59 - AITrader - INFO - 🧪 Начало тестовой торговли для EURUSDrfd M15
2025-10-19 22:54:59 - AITrader - ERROR - ❌ Ошибка тестовой торговли: The truth value of a DataFrame is ambiguous. Use a.empty, a.bool(), a.item(), a.any() or a.all().
2025-10-19 23:17:31 - AITrader - INFO - 🛑 Завершение работы AI Trader...
2025-10-19 23:17:31 - AITrader - INFO - 👋 AI Trader остановлен
2025-10-19 23:17:53 - AITrader - INFO - 🚀 Инициализация AI Trader...
2025-10-19 23:17:53 - AITrader - INFO - ✅ Настройки проверены
2025-10-19 23:17:53 - AITrader - INFO - ⚙️ Текущие настройки:
MT5_PATH: C:\\Program Files\\MetaTrader 5 Alfa-Forex\\terminal64.exe
MT5_LOGIN: 2000067543
MT5_SERVER: AlfaForexRU-Real
RISK_PERCENT: 1.0
DEFAULT_SYMBOL: EURUSD
DEFAULT_TIMEFRAME: H1
ENABLE_STOPLOSS: True
STOPLOSS_PIPS: 50.0
ENABLE_TAKEPROFIT: True
TAKEPROFIT_PIPS: 100.0
LOG_LEVEL: INFO
2025-10-19 23:17:53 - AITrader - INFO - ✅ AI Trader успешно инициализирован
2025-10-19 23:18:11 - AITrader - INFO - 🎓 Начало обучения для EURUSDrfd M15
2025-10-19 23:18:11 - AITrader - INFO - ✅ Обучение завершено. Получено 2832 баров
2025-10-19 23:18:11 - AITrader - INFO - 📈 Анализ: Тренд: НИСХОДЯЩИЙ, Волатильность: 0.00064, RSI: ПЕРЕПРОДАН (25.6)
2025-10-19 23:18:23 - AITrader - INFO - 🧪 Начало тестовой торговли для EURUSDrfd M15
2025-10-19 23:18:23 - AITrader - ERROR - ❌ Ошибка тестовой торговли: The truth value of a DataFrame is ambiguous. Use a.empty, a.bool(), a.item(), a.any() or a.all().
2025-10-19 23:18:40 - AITrader - INFO - 🧪 Начало тестовой торговли для EURUSDrfd M15
2025-10-19 23:18:40 - AITrader - ERROR - ❌ Ошибка тестовой торговли: The truth value of a DataFrame is ambiguous. Use a.empty, a.bool(), a.item(), a.any() or a.all().
2025-10-19 23:18:44 - AITrader - INFO - 🧪 Начало тестовой торговли для EURUSDrfd M15
2025-10-19 23:18:44 - AITrader - ERROR - ❌ Ошибка тестовой торговли: The truth value of a DataFrame is ambiguous. Use a.empty, a.bool(), a.item(), a.any() or a.all().
2025-10-19 23:19:08 - AITrader - INFO - 🎓 Начало обучения для USDRUBrfd M15
2025-10-19 23:19:09 - AITrader - INFO - ✅ Обучение завершено. Получено 827 баров
2025-10-19 23:19:09 - AITrader - INFO - 📈 Анализ: Тренд: НИСХОДЯЩИЙ, Волатильность: 0.13724, RSI: ПЕРЕПРОДАН (27.3)
2025-10-19 23:19:32 - AITrader - INFO - 🧪 Начало тестовой торговли для USDRUBrfd M15
2025-10-19 23:19:32 - AITrader - ERROR - ❌ Ошибка тестовой торговли: The truth value of a DataFrame is ambiguous. Use a.empty, a.bool(), a.item(), a.any() or a.all().
2025-10-19 23:19:43 - AITrader - INFO - 🛑 Завершение работы AI Trader...
2025-10-19 23:19:43 - AITrader - INFO - 👋 AI Trader остановлен
2025-10-19 23:33:06 - AITrader - INFO - 🚀 Инициализация AI Trader...
2025-10-19 23:33:06 - AITrader - INFO - ✅ Настройки проверены
2025-10-19 23:33:06 - AITrader - INFO - ⚙️ Текущие настройки:
MT5_PATH: C:\\Program Files\\MetaTrader 5 Alfa-Forex\\terminal64.exe
MT5_LOGIN: 2000067543
MT5_SERVER: AlfaForexRU-Real
RISK_PERCENT: 1.0
DEFAULT_SYMBOL: EURUSD
DEFAULT_TIMEFRAME: H1
ENABLE_STOPLOSS: True
STOPLOSS_PIPS: 50.0
ENABLE_TAKEPROFIT: True
TAKEPROFIT_PIPS: 100.0
LOG_LEVEL: INFO
2025-10-19 23:33:06 - AITrader - INFO - 🔍 Проверка доступности рынка...
2025-10-19 23:33:06 - AITrader - ERROR - ❌ Брокер закрыл доступ к рынку. Котировки не обновляются.
2025-10-19 23:33:06 - AITrader - WARNING - ⚠️ Внимание: Рынок недоступен. Торговля невозможна.
2025-10-19 23:33:06 - AITrader - INFO - ✅ AI Trader успешно инициализирован
2025-10-19 23:40:26 - AITrader - INFO - 🛑 Завершение работы AI Trader...
2025-10-19 23:40:26 - AITrader - INFO - 👋 AI Trader остановлен
2025-10-19 23:52:59 - AITrader - INFO - 🚀 Инициализация AI Trader...
2025-10-19 23:52:59 - AITrader - INFO - ✅ Настройки проверены
2025-10-19 23:52:59 - AITrader - INFO - ⚙️ Текущие настройки:
MT5_PATH: C:\\Program Files\\MetaTrader 5 Alfa-Forex\\terminal64.exe
MT5_LOGIN: 2000067543
MT5_SERVER: AlfaForexRU-Real
RISK_PERCENT: 1.0
DEFAULT_SYMBOL: EURUSD
DEFAULT_TIMEFRAME: H1
ENABLE_STOPLOSS: True
STOPLOSS_PIPS: 50.0
ENABLE_TAKEPROFIT: True
TAKEPROFIT_PIPS: 100.0
LOG_LEVEL: INFO
2025-10-19 23:52:59 - AITrader - INFO - 🔍 Проверка доступности рынка...
2025-10-19 23:52:59 - AITrader - ERROR - ❌ Брокер закрыл доступ к рынку. Котировки не обновляются.
2025-10-19 23:52:59 - AITrader - WARNING - ⚠️ Внимание: Рынок недоступен. Торговля невозможна.
2025-10-19 23:52:59 - AITrader - INFO - ✅ AI Trader успешно инициализирован
2025-10-19 23:53:17 - AITrader - INFO - ==================================================
2025-10-19 23:53:17 - AITrader - INFO - 📊 ИНФОРМАЦИЯ О СЧЕТЕ
2025-10-19 23:53:17 - AITrader - INFO - ==================================================
2025-10-19 23:53:17 - AITrader - INFO - 👤 Логин: 2000067543
2025-10-19 23:53:17 - AITrader - INFO - 🏢 Брокер: ООО ''Альфа-Форекс''
2025-10-19 23:53:17 - AITrader - INFO - 💳 Баланс: 100028.30 RUB
2025-10-19 23:53:17 - AITrader - INFO - 📈 Эквити: 100028.30 RUB
2025-10-19 23:53:17 - AITrader - INFO - 🆓 Свободная маржа: 100028.30 RUB
2025-10-19 23:53:17 - AITrader - INFO - ⚖️ Кредитное плечо: 1:40
2025-10-19 23:53:17 - AITrader - INFO - 🌐 Сервер: AlfaForexRU-Real
2025-10-19 23:53:17 - AITrader - INFO - 📭 Нет открытых позиций
2025-10-19 23:53:52 - AITrader - INFO - ==================================================
2025-10-19 23:53:52 - AITrader - INFO - 📊 ИНФОРМАЦИЯ О СЧЕТЕ
2025-10-19 23:53:52 - AITrader - INFO - ==================================================
2025-10-19 23:53:52 - AITrader - INFO - 👤 Логин: 2000067543
2025-10-19 23:53:52 - AITrader - INFO - 🏢 Брокер: ООО ''Альфа-Форекс''
2025-10-19 23:53:52 - AITrader - INFO - 💳 Баланс: 100028.30 RUB
2025-10-19 23:53:52 - AITrader - INFO - 📈 Эквити: 100028.30 RUB
2025-10-19 23:53:52 - AITrader - INFO - 🆓 Свободная маржа: 100028.30 RUB
2025-10-19 23:53:52 - AITrader - INFO - ⚖️ Кредитное плечо: 1:40
2025-10-19 23:53:52 - AITrader - INFO - 🌐 Сервер: AlfaForexRU-Real
2025-10-19 23:53:52 - AITrader - INFO - 📭 Нет открытых позиций
2025-10-19 23:54:13 - AITrader - INFO - 🛑 Завершение работы AI Trader...
2025-10-19 23:54:13 - AITrader - INFO - 👋 AI Trader остановлен
