2025-10-21 02:47:22 - AITrader - INFO - 🚀 Инициализация AI Trader...
2025-10-21 02:47:22 - AITrader - INFO - 🚀 Инициализация AI Trader...
2025-10-21 02:47:22 - AITrader - INFO - ✅ Настройки проверены
2025-10-21 02:47:22 - AITrader - INFO - ⚙️ Текущие настройки:
MT5_PATH: C:\\Program Files\\MetaTrader 5 Alfa-Forex\\terminal64.exe
MT5_LOGIN: 2000067543
MT5_SERVER: AlfaForexRU-Real
TRADING_STYLE: positional (Позиционная торговля (долгосрочная))
RISK_PERCENT: 1.0
DEFAULT_SYMBOL: EURUSDrfd
DEFAULT_TIMEFRAME: M15
ENABLE_STOPLOSS: True
STOPLOSS_PIPS: 50.0
ENABLE_TAKEPROFIT: True
TAKEPROFIT_PIPS: 100.0
LOG_LEVEL: INFO
2025-10-21 02:47:22 - AITrader - INFO - 🔍 Проверка доступности рынка...
2025-10-21 02:47:22 - AITrader - WARNING - ⚠️ Символ USDRUBrfd не обновлялся 17544 сек
2025-10-21 02:47:22 - AITrader - WARNING - ⚠️ Символ EURRUBrfd не обновлялся 17543 сек
2025-10-21 02:47:22 - AITrader - INFO - ✅ Рынок доступен для торговли. Активные символы: EURUSDrfd, GBPUSDrfd, USDJPYrfd
2025-10-21 02:47:22 - AITrader - INFO - 🎯 Рынок доступен. Торговля возможна.
2025-10-21 02:47:22 - AITrader - INFO - 🎯 Установлена стратегия: Улучшенная MA стратегия
2025-10-21 02:47:22 - AITrader - INFO - 📝 Описание: Стратегия на скользящих средних с RSI, MACD и Volume фильтрами
2025-10-21 02:47:22 - AITrader - INFO - ✅ AI Trader успешно инициализирован
2025-10-21 02:47:55 - AITrader - ERROR - ❌ Критическая ошибка в приложении: 'AITrader' object has no attribute 'show_available_symbols'
2025-10-21 02:47:55 - AITrader - INFO - 🛑 Завершение работы AI Trader...
2025-10-21 02:47:55 - AITrader - INFO - 🛑 Мониторинг в реальном времени остановлен
2025-10-21 02:47:55 - AITrader - INFO - 👋 AI Trader остановлен
2025-10-21 02:47:55 - AITrader - INFO - ✅ AI Trader завершил работу
