2025-10-21 02:47:22 - AITrader - INFO - 🚀 Инициализация AI Trader...
2025-10-21 02:47:22 - AITrader - INFO - 🚀 Инициализация AI Trader...
2025-10-21 02:47:22 - AITrader - INFO - ✅ Настройки проверены
2025-10-21 02:47:22 - AITrader - INFO - ⚙️ Текущие настройки:
MT5_PATH: C:\\Program Files\\MetaTrader 5 Alfa-Forex\\terminal64.exe
MT5_LOGIN: 2000067543
MT5_SERVER: AlfaForexRU-Real
TRADING_STYLE: positional (Позиционная торговля (долгосрочная))
RISK_PERCENT: 1.0
DEFAULT_SYMBOL: EURUSDrfd
DEFAULT_TIMEFRAME: M15
ENABLE_STOPLOSS: True
STOPLOSS_PIPS: 50.0
ENABLE_TAKEPROFIT: True
TAKEPROFIT_PIPS: 100.0
LOG_LEVEL: INFO
2025-10-21 02:47:22 - AITrader - INFO - 🔍 Проверка доступности рынка...
2025-10-21 02:47:22 - AITrader - WARNING - ⚠️ Символ USDRUBrfd не обновлялся 17544 сек
2025-10-21 02:47:22 - AITrader - WARNING - ⚠️ Символ EURRUBrfd не обновлялся 17543 сек
2025-10-21 02:47:22 - AITrader - INFO - ✅ Рынок доступен для торговли. Активные символы: EURUSDrfd, GBPUSDrfd, USDJPYrfd
2025-10-21 02:47:22 - AITrader - INFO - 🎯 Рынок доступен. Торговля возможна.
2025-10-21 02:47:22 - AITrader - INFO - 🎯 Установлена стратегия: Улучшенная MA стратегия
2025-10-21 02:47:22 - AITrader - INFO - 📝 Описание: Стратегия на скользящих средних с RSI, MACD и Volume фильтрами
2025-10-21 02:47:22 - AITrader - INFO - ✅ AI Trader успешно инициализирован
2025-10-21 02:47:55 - AITrader - ERROR - ❌ Критическая ошибка в приложении: 'AITrader' object has no attribute 'show_available_symbols'
2025-10-21 02:47:55 - AITrader - INFO - 🛑 Завершение работы AI Trader...
2025-10-21 02:47:55 - AITrader - INFO - 🛑 Мониторинг в реальном времени остановлен
2025-10-21 02:47:55 - AITrader - INFO - 👋 AI Trader остановлен
2025-10-21 02:47:55 - AITrader - INFO - ✅ AI Trader завершил работу
2025-10-21 02:50:24 - AITrader - INFO - 🚀 Инициализация AI Trader...
2025-10-21 02:50:24 - AITrader - INFO - 🚀 Инициализация AI Trader...
2025-10-21 02:50:24 - AITrader - INFO - ✅ Настройки проверены
2025-10-21 02:50:24 - AITrader - INFO - ⚙️ Текущие настройки:
MT5_PATH: C:\\Program Files\\MetaTrader 5 Alfa-Forex\\terminal64.exe
MT5_LOGIN: 2000067543
MT5_SERVER: AlfaForexRU-Real
TRADING_STYLE: positional (Позиционная торговля (долгосрочная))
RISK_PERCENT: 1.0
DEFAULT_SYMBOL: EURUSDrfd
DEFAULT_TIMEFRAME: M15
ENABLE_STOPLOSS: True
STOPLOSS_PIPS: 50.0
ENABLE_TAKEPROFIT: True
TAKEPROFIT_PIPS: 100.0
LOG_LEVEL: INFO
2025-10-21 02:50:24 - AITrader - INFO - 🔍 Проверка доступности рынка...
2025-10-21 02:50:24 - AITrader - WARNING - ⚠️ Символ USDRUBrfd не обновлялся 17726 сек
2025-10-21 02:50:24 - AITrader - WARNING - ⚠️ Символ EURRUBrfd не обновлялся 17725 сек
2025-10-21 02:50:24 - AITrader - INFO - ✅ Рынок доступен для торговли. Активные символы: EURUSDrfd, GBPUSDrfd, USDJPYrfd
2025-10-21 02:50:24 - AITrader - INFO - 🎯 Рынок доступен. Торговля возможна.
2025-10-21 02:50:24 - AITrader - INFO - 🎯 Установлена стратегия: Улучшенная MA стратегия
2025-10-21 02:50:24 - AITrader - INFO - 📝 Описание: Стратегия на скользящих средних с RSI, MACD и Volume фильтрами
2025-10-21 02:50:24 - AITrader - INFO - ✅ AI Trader успешно инициализирован
2025-10-21 02:50:43 - AITrader - ERROR - ❌ Критическая ошибка в приложении: 'AITrader' object has no attribute 'analyze_symbol'
2025-10-21 02:50:43 - AITrader - INFO - 🛑 Завершение работы AI Trader...
2025-10-21 02:50:43 - AITrader - INFO - 🛑 Мониторинг в реальном времени остановлен
2025-10-21 02:50:43 - AITrader - INFO - 👋 AI Trader остановлен
2025-10-21 02:50:43 - AITrader - INFO - ✅ AI Trader завершил работу
2025-10-21 02:53:09 - AITrader - INFO - 🚀 Инициализация AI Trader...
2025-10-21 02:53:09 - AITrader - INFO - 🚀 Инициализация AI Trader...
2025-10-21 02:53:09 - AITrader - INFO - ✅ Настройки проверены
2025-10-21 02:53:09 - AITrader - INFO - ⚙️ Текущие настройки:
MT5_PATH: C:\\Program Files\\MetaTrader 5 Alfa-Forex\\terminal64.exe
MT5_LOGIN: 2000067543
MT5_SERVER: AlfaForexRU-Real
TRADING_STYLE: positional (Позиционная торговля (долгосрочная))
RISK_PERCENT: 1.0
DEFAULT_SYMBOL: EURUSDrfd
DEFAULT_TIMEFRAME: M15
ENABLE_STOPLOSS: True
STOPLOSS_PIPS: 50.0
ENABLE_TAKEPROFIT: True
TAKEPROFIT_PIPS: 100.0
LOG_LEVEL: INFO
2025-10-21 02:53:09 - AITrader - INFO - 🔍 Проверка доступности рынка...
2025-10-21 02:53:09 - AITrader - WARNING - ⚠️ Символ USDRUBrfd не обновлялся 17891 сек
2025-10-21 02:53:09 - AITrader - WARNING - ⚠️ Символ EURRUBrfd не обновлялся 17890 сек
2025-10-21 02:53:09 - AITrader - INFO - ✅ Рынок доступен для торговли. Активные символы: EURUSDrfd, GBPUSDrfd, USDJPYrfd
2025-10-21 02:53:09 - AITrader - INFO - 🎯 Рынок доступен. Торговля возможна.
2025-10-21 02:53:09 - AITrader - INFO - 🎯 Установлена стратегия: Улучшенная MA стратегия
2025-10-21 02:53:09 - AITrader - INFO - 📝 Описание: Стратегия на скользящих средних с RSI, MACD и Volume фильтрами
2025-10-21 02:53:09 - AITrader - INFO - ✅ AI Trader успешно инициализирован
2025-10-21 02:53:23 - AITrader - ERROR - ❌ Критическая ошибка в приложении: 'AITrader' object has no attribute 'trading_operations_flow'
2025-10-21 02:53:23 - AITrader - INFO - 🛑 Завершение работы AI Trader...
2025-10-21 02:53:23 - AITrader - INFO - 🛑 Мониторинг в реальном времени остановлен
2025-10-21 02:53:23 - AITrader - INFO - 👋 AI Trader остановлен
2025-10-21 02:53:23 - AITrader - INFO - ✅ AI Trader завершил работу
2025-10-21 03:00:44 - AITrader - INFO - 🚀 Инициализация AI Trader...
2025-10-21 03:00:44 - AITrader - INFO - 🚀 Инициализация AI Trader...
2025-10-21 03:00:44 - AITrader - INFO - ✅ Настройки проверены
2025-10-21 03:00:44 - AITrader - INFO - ⚙️ Текущие настройки:
MT5_PATH: C:\\Program Files\\MetaTrader 5 Alfa-Forex\\terminal64.exe
MT5_LOGIN: 2000067543
MT5_SERVER: AlfaForexRU-Real
TRADING_STYLE: positional (Позиционная торговля (долгосрочная))
RISK_PERCENT: 1.0
DEFAULT_SYMBOL: EURUSDrfd
DEFAULT_TIMEFRAME: M15
ENABLE_STOPLOSS: True
STOPLOSS_PIPS: 50.0
ENABLE_TAKEPROFIT: True
TAKEPROFIT_PIPS: 100.0
LOG_LEVEL: INFO
2025-10-21 03:00:44 - AITrader - INFO - 🔍 Проверка доступности рынка...
2025-10-21 03:00:44 - AITrader - WARNING - ⚠️ Символ USDRUBrfd не обновлялся 18346 сек
2025-10-21 03:00:44 - AITrader - WARNING - ⚠️ Символ EURRUBrfd не обновлялся 18345 сек
2025-10-21 03:00:44 - AITrader - INFO - ✅ Рынок доступен для торговли. Активные символы: EURUSDrfd, GBPUSDrfd, USDJPYrfd
2025-10-21 03:00:44 - AITrader - INFO - 🎯 Рынок доступен. Торговля возможна.
2025-10-21 03:00:44 - AITrader - INFO - 🎯 Установлена стратегия: Улучшенная MA стратегия
2025-10-21 03:00:44 - AITrader - INFO - 📝 Описание: Стратегия на скользящих средних с RSI, MACD и Volume фильтрами
2025-10-21 03:00:44 - AITrader - INFO - ✅ AI Trader успешно инициализирован
2025-10-21 03:00:48 - AITrader - ERROR - ❌ Критическая ошибка в приложении: 'AITrader' object has no attribute 'show_available_symbols'
2025-10-21 03:00:48 - AITrader - INFO - 🛑 Завершение работы AI Trader...
2025-10-21 03:00:48 - AITrader - INFO - 🛑 Мониторинг в реальном времени остановлен
2025-10-21 03:00:48 - AITrader - INFO - 👋 AI Trader остановлен
2025-10-21 03:00:48 - AITrader - INFO - ✅ AI Trader завершил работу
2025-10-21 03:01:19 - AITrader - INFO - 🚀 Инициализация AI Trader...
2025-10-21 03:01:19 - AITrader - INFO - 🚀 Инициализация AI Trader...
2025-10-21 03:01:19 - AITrader - INFO - ✅ Настройки проверены
2025-10-21 03:01:19 - AITrader - INFO - ⚙️ Текущие настройки:
MT5_PATH: C:\\Program Files\\MetaTrader 5 Alfa-Forex\\terminal64.exe
MT5_LOGIN: 2000067543
MT5_SERVER: AlfaForexRU-Real
TRADING_STYLE: positional (Позиционная торговля (долгосрочная))
RISK_PERCENT: 1.0
DEFAULT_SYMBOL: EURUSDrfd
DEFAULT_TIMEFRAME: M15
ENABLE_STOPLOSS: True
STOPLOSS_PIPS: 50.0
ENABLE_TAKEPROFIT: True
TAKEPROFIT_PIPS: 100.0
LOG_LEVEL: INFO
2025-10-21 03:01:19 - AITrader - INFO - 🔍 Проверка доступности рынка...
2025-10-21 03:01:19 - AITrader - WARNING - ⚠️ Символ USDRUBrfd не обновлялся 18381 сек
2025-10-21 03:01:19 - AITrader - WARNING - ⚠️ Символ EURRUBrfd не обновлялся 18380 сек
2025-10-21 03:01:19 - AITrader - INFO - ✅ Рынок доступен для торговли. Активные символы: EURUSDrfd, GBPUSDrfd, USDJPYrfd
2025-10-21 03:01:19 - AITrader - INFO - 🎯 Рынок доступен. Торговля возможна.
2025-10-21 03:01:19 - AITrader - INFO - 🎯 Установлена стратегия: Улучшенная MA стратегия
2025-10-21 03:01:19 - AITrader - INFO - 📝 Описание: Стратегия на скользящих средних с RSI, MACD и Volume фильтрами
2025-10-21 03:01:19 - AITrader - INFO - ✅ AI Trader успешно инициализирован
2025-10-21 03:01:35 - AITrader - ERROR - ❌ Критическая ошибка в приложении: 'AITrader' object has no attribute 'analyze_symbol'
2025-10-21 03:01:35 - AITrader - INFO - 🛑 Завершение работы AI Trader...
2025-10-21 03:01:35 - AITrader - INFO - 🛑 Мониторинг в реальном времени остановлен
2025-10-21 03:01:35 - AITrader - INFO - 👋 AI Trader остановлен
2025-10-21 03:01:35 - AITrader - INFO - ✅ AI Trader завершил работу
2025-10-21 03:01:54 - AITrader - INFO - 🚀 Инициализация AI Trader...
2025-10-21 03:01:54 - AITrader - INFO - 🚀 Инициализация AI Trader...
2025-10-21 03:01:54 - AITrader - INFO - ✅ Настройки проверены
2025-10-21 03:01:54 - AITrader - INFO - ⚙️ Текущие настройки:
MT5_PATH: C:\\Program Files\\MetaTrader 5 Alfa-Forex\\terminal64.exe
MT5_LOGIN: 2000067543
MT5_SERVER: AlfaForexRU-Real
TRADING_STYLE: positional (Позиционная торговля (долгосрочная))
RISK_PERCENT: 1.0
DEFAULT_SYMBOL: EURUSDrfd
DEFAULT_TIMEFRAME: M15
ENABLE_STOPLOSS: True
STOPLOSS_PIPS: 50.0
ENABLE_TAKEPROFIT: True
TAKEPROFIT_PIPS: 100.0
LOG_LEVEL: INFO
2025-10-21 03:01:54 - AITrader - INFO - 🔍 Проверка доступности рынка...
2025-10-21 03:01:54 - AITrader - WARNING - ⚠️ Символ USDRUBrfd не обновлялся 18417 сек
2025-10-21 03:01:54 - AITrader - WARNING - ⚠️ Символ EURRUBrfd не обновлялся 18416 сек
2025-10-21 03:01:54 - AITrader - INFO - ✅ Рынок доступен для торговли. Активные символы: EURUSDrfd, GBPUSDrfd, USDJPYrfd
2025-10-21 03:01:54 - AITrader - INFO - 🎯 Рынок доступен. Торговля возможна.
2025-10-21 03:01:54 - AITrader - INFO - 🎯 Установлена стратегия: Улучшенная MA стратегия
2025-10-21 03:01:54 - AITrader - INFO - 📝 Описание: Стратегия на скользящих средних с RSI, MACD и Volume фильтрами
2025-10-21 03:01:54 - AITrader - INFO - ✅ AI Trader успешно инициализирован
2025-10-21 03:02:29 - AITrader - ERROR - ❌ Критическая ошибка в приложении: 'AITrader' object has no attribute 'technical_analysis_flow'
2025-10-21 03:02:29 - AITrader - INFO - 🛑 Завершение работы AI Trader...
2025-10-21 03:02:29 - AITrader - INFO - 🛑 Мониторинг в реальном времени остановлен
2025-10-21 03:02:29 - AITrader - INFO - 👋 AI Trader остановлен
2025-10-21 03:02:29 - AITrader - INFO - ✅ AI Trader завершил работу
2025-10-21 03:02:45 - AITrader - INFO - 🚀 Инициализация AI Trader...
2025-10-21 03:02:45 - AITrader - INFO - 🚀 Инициализация AI Trader...
2025-10-21 03:02:45 - AITrader - INFO - ✅ Настройки проверены
2025-10-21 03:02:45 - AITrader - INFO - ⚙️ Текущие настройки:
MT5_PATH: C:\\Program Files\\MetaTrader 5 Alfa-Forex\\terminal64.exe
MT5_LOGIN: 2000067543
MT5_SERVER: AlfaForexRU-Real
TRADING_STYLE: positional (Позиционная торговля (долгосрочная))
RISK_PERCENT: 1.0
DEFAULT_SYMBOL: EURUSDrfd
DEFAULT_TIMEFRAME: M15
ENABLE_STOPLOSS: True
STOPLOSS_PIPS: 50.0
ENABLE_TAKEPROFIT: True
TAKEPROFIT_PIPS: 100.0
LOG_LEVEL: INFO
2025-10-21 03:02:45 - AITrader - INFO - 🔍 Проверка доступности рынка...
2025-10-21 03:02:45 - AITrader - WARNING - ⚠️ Символ USDRUBrfd не обновлялся 18468 сек
2025-10-21 03:02:45 - AITrader - WARNING - ⚠️ Символ EURRUBrfd не обновлялся 18467 сек
2025-10-21 03:02:45 - AITrader - INFO - ✅ Рынок доступен для торговли. Активные символы: EURUSDrfd, GBPUSDrfd, USDJPYrfd
2025-10-21 03:02:45 - AITrader - INFO - 🎯 Рынок доступен. Торговля возможна.
2025-10-21 03:02:45 - AITrader - INFO - 🎯 Установлена стратегия: Улучшенная MA стратегия
2025-10-21 03:02:45 - AITrader - INFO - 📝 Описание: Стратегия на скользящих средних с RSI, MACD и Volume фильтрами
2025-10-21 03:02:45 - AITrader - INFO - ✅ AI Trader успешно инициализирован
2025-10-21 03:02:55 - AITrader - ERROR - ❌ Критическая ошибка в приложении: 'AITrader' object has no attribute 'trading_operations_flow'
2025-10-21 03:02:55 - AITrader - INFO - 🛑 Завершение работы AI Trader...
2025-10-21 03:02:55 - AITrader - INFO - 🛑 Мониторинг в реальном времени остановлен
2025-10-21 03:02:55 - AITrader - INFO - 👋 AI Trader остановлен
2025-10-21 03:02:55 - AITrader - INFO - ✅ AI Trader завершил работу
2025-10-21 03:03:00 - AITrader - INFO - 🚀 Инициализация AI Trader...
2025-10-21 03:03:00 - AITrader - INFO - 🚀 Инициализация AI Trader...
2025-10-21 03:03:00 - AITrader - INFO - ✅ Настройки проверены
2025-10-21 03:03:00 - AITrader - INFO - ⚙️ Текущие настройки:
MT5_PATH: C:\\Program Files\\MetaTrader 5 Alfa-Forex\\terminal64.exe
MT5_LOGIN: 2000067543
MT5_SERVER: AlfaForexRU-Real
TRADING_STYLE: positional (Позиционная торговля (долгосрочная))
RISK_PERCENT: 1.0
DEFAULT_SYMBOL: EURUSDrfd
DEFAULT_TIMEFRAME: M15
ENABLE_STOPLOSS: True
STOPLOSS_PIPS: 50.0
ENABLE_TAKEPROFIT: True
TAKEPROFIT_PIPS: 100.0
LOG_LEVEL: INFO
2025-10-21 03:03:00 - AITrader - INFO - 🔍 Проверка доступности рынка...
2025-10-21 03:03:00 - AITrader - WARNING - ⚠️ Символ USDRUBrfd не обновлялся 18482 сек
2025-10-21 03:03:00 - AITrader - WARNING - ⚠️ Символ EURRUBrfd не обновлялся 18481 сек
2025-10-21 03:03:00 - AITrader - INFO - ✅ Рынок доступен для торговли. Активные символы: EURUSDrfd, GBPUSDrfd, USDJPYrfd
2025-10-21 03:03:00 - AITrader - INFO - 🎯 Рынок доступен. Торговля возможна.
2025-10-21 03:03:00 - AITrader - INFO - 🎯 Установлена стратегия: Улучшенная MA стратегия
2025-10-21 03:03:00 - AITrader - INFO - 📝 Описание: Стратегия на скользящих средних с RSI, MACD и Volume фильтрами
2025-10-21 03:03:00 - AITrader - INFO - ✅ AI Trader успешно инициализирован
2025-10-21 03:03:06 - AITrader - ERROR - ❌ Критическая ошибка в приложении: 'AITrader' object has no attribute 'show_positions_and_orders'
2025-10-21 03:03:06 - AITrader - INFO - 🛑 Завершение работы AI Trader...
2025-10-21 03:03:06 - AITrader - INFO - 🛑 Мониторинг в реальном времени остановлен
2025-10-21 03:03:06 - AITrader - INFO - 👋 AI Trader остановлен
2025-10-21 03:03:06 - AITrader - INFO - ✅ AI Trader завершил работу
2025-10-21 03:04:22 - AITrader - INFO - 🚀 Инициализация AI Trader...
2025-10-21 03:04:22 - AITrader - INFO - 🚀 Инициализация AI Trader...
2025-10-21 03:04:22 - AITrader - INFO - ✅ Настройки проверены
2025-10-21 03:04:22 - AITrader - INFO - ⚙️ Текущие настройки:
MT5_PATH: C:\\Program Files\\MetaTrader 5 Alfa-Forex\\terminal64.exe
MT5_LOGIN: 2000067543
MT5_SERVER: AlfaForexRU-Real
TRADING_STYLE: positional (Позиционная торговля (долгосрочная))
RISK_PERCENT: 1.0
DEFAULT_SYMBOL: EURUSDrfd
DEFAULT_TIMEFRAME: M15
ENABLE_STOPLOSS: True
STOPLOSS_PIPS: 50.0
ENABLE_TAKEPROFIT: True
TAKEPROFIT_PIPS: 100.0
LOG_LEVEL: INFO
2025-10-21 03:04:22 - AITrader - INFO - 🔍 Проверка доступности рынка...
2025-10-21 03:04:22 - AITrader - WARNING - ⚠️ Символ USDRUBrfd не обновлялся 18565 сек
2025-10-21 03:04:22 - AITrader - WARNING - ⚠️ Символ EURRUBrfd не обновлялся 18564 сек
2025-10-21 03:04:22 - AITrader - INFO - ✅ Рынок доступен для торговли. Активные символы: EURUSDrfd, GBPUSDrfd, USDJPYrfd
2025-10-21 03:04:22 - AITrader - INFO - 🎯 Рынок доступен. Торговля возможна.
2025-10-21 03:04:22 - AITrader - INFO - 🎯 Установлена стратегия: Улучшенная MA стратегия
2025-10-21 03:04:22 - AITrader - INFO - 📝 Описание: Стратегия на скользящих средних с RSI, MACD и Volume фильтрами
2025-10-21 03:04:22 - AITrader - INFO - ✅ AI Trader успешно инициализирован
2025-10-21 03:04:38 - AITrader - ERROR - ❌ Критическая ошибка в приложении: 'AITrader' object has no attribute 'update_risk_management'
2025-10-21 03:04:38 - AITrader - INFO - 🛑 Завершение работы AI Trader...
2025-10-21 03:04:38 - AITrader - INFO - 🛑 Мониторинг в реальном времени остановлен
2025-10-21 03:04:38 - AITrader - INFO - 👋 AI Trader остановлен
2025-10-21 03:04:38 - AITrader - INFO - ✅ AI Trader завершил работу
2025-10-21 03:04:44 - AITrader - INFO - 🚀 Инициализация AI Trader...
2025-10-21 03:04:44 - AITrader - INFO - 🚀 Инициализация AI Trader...
2025-10-21 03:04:44 - AITrader - INFO - ✅ Настройки проверены
2025-10-21 03:04:44 - AITrader - INFO - ⚙️ Текущие настройки:
MT5_PATH: C:\\Program Files\\MetaTrader 5 Alfa-Forex\\terminal64.exe
MT5_LOGIN: 2000067543
MT5_SERVER: AlfaForexRU-Real
TRADING_STYLE: positional (Позиционная торговля (долгосрочная))
RISK_PERCENT: 1.0
DEFAULT_SYMBOL: EURUSDrfd
DEFAULT_TIMEFRAME: M15
ENABLE_STOPLOSS: True
STOPLOSS_PIPS: 50.0
ENABLE_TAKEPROFIT: True
TAKEPROFIT_PIPS: 100.0
LOG_LEVEL: INFO
2025-10-21 03:04:44 - AITrader - INFO - 🔍 Проверка доступности рынка...
2025-10-21 03:04:44 - AITrader - WARNING - ⚠️ Символ USDRUBrfd не обновлялся 18587 сек
2025-10-21 03:04:44 - AITrader - WARNING - ⚠️ Символ EURRUBrfd не обновлялся 18586 сек
2025-10-21 03:04:44 - AITrader - INFO - ✅ Рынок доступен для торговли. Активные символы: EURUSDrfd, GBPUSDrfd, USDJPYrfd
2025-10-21 03:04:44 - AITrader - INFO - 🎯 Рынок доступен. Торговля возможна.
2025-10-21 03:04:44 - AITrader - INFO - 🎯 Установлена стратегия: Улучшенная MA стратегия
2025-10-21 03:04:44 - AITrader - INFO - 📝 Описание: Стратегия на скользящих средних с RSI, MACD и Volume фильтрами
2025-10-21 03:04:44 - AITrader - INFO - ✅ AI Trader успешно инициализирован
2025-10-21 03:04:58 - AITrader - INFO - ✅ Индикаторы стратегии 'Улучшенная MA стратегия' рассчитаны
2025-10-21 03:05:27 - AITrader - INFO - 🎯 Установлена стратегия: Улучшенная MACD стратегия
2025-10-21 03:05:27 - AITrader - INFO - 📝 Описание: MACD стратегия с RSI, Stochastic и Volume подтверждением
2025-10-21 03:05:48 - AITrader - INFO - 🚀 Запущен мониторинг в реальном времени для 6 символов
2025-10-21 03:06:32 - AITrader - INFO - 🛑 Мониторинг в реальном времени остановлен
2025-10-21 03:06:44 - AITrader - INFO - 🛑 Завершение работы AI Trader...
2025-10-21 03:06:44 - AITrader - INFO - 🛑 Мониторинг в реальном времени остановлен
2025-10-21 03:06:44 - AITrader - INFO - 👋 AI Trader остановлен
2025-10-21 03:06:44 - AITrader - INFO - ✅ AI Trader завершил работу
2025-10-21 03:51:15 - AITrader - INFO - 🚀 Инициализация AI Trader...
2025-10-21 03:51:15 - AITrader - INFO - 🚀 Инициализация AI Trader...
2025-10-21 03:51:15 - AITrader - INFO - ✅ Настройки проверены
2025-10-21 03:51:15 - AITrader - INFO - ⚙️ Текущие настройки:
MT5_PATH: C:\\Program Files\\MetaTrader 5 Alfa-Forex\\terminal64.exe
MT5_LOGIN: 2000067543
MT5_SERVER: AlfaForexRU-Real
TRADING_STYLE: positional (Позиционная торговля (долгосрочная))
RISK_PERCENT: 1.0
DEFAULT_SYMBOL: EURUSDrfd
DEFAULT_TIMEFRAME: M15
ENABLE_STOPLOSS: True
STOPLOSS_PIPS: 50.0
ENABLE_TAKEPROFIT: True
TAKEPROFIT_PIPS: 100.0
LOG_LEVEL: INFO
2025-10-21 03:51:15 - AITrader - INFO - 🔍 Проверка доступности рынка...
2025-10-21 03:51:15 - AITrader - WARNING - ⚠️ Символ USDRUBrfd не обновлялся 21378 сек
2025-10-21 03:51:15 - AITrader - WARNING - ⚠️ Символ EURRUBrfd не обновлялся 21377 сек
2025-10-21 03:51:15 - AITrader - INFO - ✅ Рынок доступен для торговли. Активные символы: EURUSDrfd, GBPUSDrfd, USDJPYrfd
2025-10-21 03:51:15 - AITrader - INFO - 🎯 Рынок доступен. Торговля возможна.
2025-10-21 03:51:15 - AITrader - INFO - 🎯 Установлена стратегия: Улучшенная MA стратегия
2025-10-21 03:51:15 - AITrader - INFO - 📝 Описание: Стратегия на скользящих средних с RSI, MACD и Volume фильтрами
2025-10-21 03:51:15 - AITrader - INFO - ✅ AI Trader успешно инициализирован
2025-10-21 03:51:20 - AITrader - ERROR - ❌ Критическая ошибка в приложении: 'AITrader' object has no attribute 'show_available_symbols'
2025-10-21 03:51:20 - AITrader - INFO - 🛑 Завершение работы AI Trader...
2025-10-21 03:51:20 - AITrader - INFO - 🛑 Мониторинг в реальном времени остановлен
2025-10-21 03:51:20 - AITrader - INFO - 👋 AI Trader остановлен
2025-10-21 03:51:20 - AITrader - INFO - ✅ AI Trader завершил работу
2025-10-21 03:51:28 - AITrader - INFO - 🚀 Инициализация AI Trader...
2025-10-21 03:51:28 - AITrader - INFO - 🚀 Инициализация AI Trader...
2025-10-21 03:51:28 - AITrader - INFO - ✅ Настройки проверены
2025-10-21 03:51:28 - AITrader - INFO - ⚙️ Текущие настройки:
MT5_PATH: C:\\Program Files\\MetaTrader 5 Alfa-Forex\\terminal64.exe
MT5_LOGIN: 2000067543
MT5_SERVER: AlfaForexRU-Real
TRADING_STYLE: positional (Позиционная торговля (долгосрочная))
RISK_PERCENT: 1.0
DEFAULT_SYMBOL: EURUSDrfd
DEFAULT_TIMEFRAME: M15
ENABLE_STOPLOSS: True
STOPLOSS_PIPS: 50.0
ENABLE_TAKEPROFIT: True
TAKEPROFIT_PIPS: 100.0
LOG_LEVEL: INFO
2025-10-21 03:51:28 - AITrader - INFO - 🔍 Проверка доступности рынка...
2025-10-21 03:51:28 - AITrader - WARNING - ⚠️ Символ USDRUBrfd не обновлялся 21391 сек
2025-10-21 03:51:28 - AITrader - WARNING - ⚠️ Символ EURRUBrfd не обновлялся 21390 сек
2025-10-21 03:51:28 - AITrader - INFO - ✅ Рынок доступен для торговли. Активные символы: EURUSDrfd, GBPUSDrfd, USDJPYrfd
2025-10-21 03:51:28 - AITrader - INFO - 🎯 Рынок доступен. Торговля возможна.
2025-10-21 03:51:28 - AITrader - INFO - 🎯 Установлена стратегия: Улучшенная MA стратегия
2025-10-21 03:51:28 - AITrader - INFO - 📝 Описание: Стратегия на скользящих средних с RSI, MACD и Volume фильтрами
2025-10-21 03:51:28 - AITrader - INFO - ✅ AI Trader успешно инициализирован
2025-10-21 03:51:40 - AITrader - ERROR - ❌ Критическая ошибка в приложении: 'AITrader' object has no attribute 'analyze_symbol'
2025-10-21 03:51:40 - AITrader - INFO - 🛑 Завершение работы AI Trader...
2025-10-21 03:51:40 - AITrader - INFO - 🛑 Мониторинг в реальном времени остановлен
2025-10-21 03:51:40 - AITrader - INFO - 👋 AI Trader остановлен
2025-10-21 03:51:40 - AITrader - INFO - ✅ AI Trader завершил работу
2025-10-21 03:51:44 - AITrader - INFO - 🚀 Инициализация AI Trader...
2025-10-21 03:51:44 - AITrader - INFO - 🚀 Инициализация AI Trader...
2025-10-21 03:51:44 - AITrader - INFO - ✅ Настройки проверены
2025-10-21 03:51:44 - AITrader - INFO - ⚙️ Текущие настройки:
MT5_PATH: C:\\Program Files\\MetaTrader 5 Alfa-Forex\\terminal64.exe
MT5_LOGIN: 2000067543
MT5_SERVER: AlfaForexRU-Real
TRADING_STYLE: positional (Позиционная торговля (долгосрочная))
RISK_PERCENT: 1.0
DEFAULT_SYMBOL: EURUSDrfd
DEFAULT_TIMEFRAME: M15
ENABLE_STOPLOSS: True
STOPLOSS_PIPS: 50.0
ENABLE_TAKEPROFIT: True
TAKEPROFIT_PIPS: 100.0
LOG_LEVEL: INFO
2025-10-21 03:51:44 - AITrader - INFO - 🔍 Проверка доступности рынка...
2025-10-21 03:51:44 - AITrader - WARNING - ⚠️ Символ USDRUBrfd не обновлялся 21407 сек
2025-10-21 03:51:44 - AITrader - WARNING - ⚠️ Символ EURRUBrfd не обновлялся 21406 сек
2025-10-21 03:51:44 - AITrader - INFO - ✅ Рынок доступен для торговли. Активные символы: EURUSDrfd, GBPUSDrfd, USDJPYrfd
2025-10-21 03:51:44 - AITrader - INFO - 🎯 Рынок доступен. Торговля возможна.
2025-10-21 03:51:44 - AITrader - INFO - 🎯 Установлена стратегия: Улучшенная MA стратегия
2025-10-21 03:51:44 - AITrader - INFO - 📝 Описание: Стратегия на скользящих средних с RSI, MACD и Volume фильтрами
2025-10-21 03:51:44 - AITrader - INFO - ✅ AI Trader успешно инициализирован
2025-10-21 03:52:01 - AITrader - ERROR - ❌ Критическая ошибка в приложении: 'AITrader' object has no attribute 'technical_analysis_flow'
2025-10-21 03:52:01 - AITrader - INFO - 🛑 Завершение работы AI Trader...
2025-10-21 03:52:01 - AITrader - INFO - 🛑 Мониторинг в реальном времени остановлен
2025-10-21 03:52:01 - AITrader - INFO - 👋 AI Trader остановлен
2025-10-21 03:52:01 - AITrader - INFO - ✅ AI Trader завершил работу
2025-10-21 03:52:09 - AITrader - INFO - 🚀 Инициализация AI Trader...
2025-10-21 03:52:09 - AITrader - INFO - 🚀 Инициализация AI Trader...
2025-10-21 03:52:09 - AITrader - INFO - ✅ Настройки проверены
2025-10-21 03:52:09 - AITrader - INFO - ⚙️ Текущие настройки:
MT5_PATH: C:\\Program Files\\MetaTrader 5 Alfa-Forex\\terminal64.exe
MT5_LOGIN: 2000067543
MT5_SERVER: AlfaForexRU-Real
TRADING_STYLE: positional (Позиционная торговля (долгосрочная))
RISK_PERCENT: 1.0
DEFAULT_SYMBOL: EURUSDrfd
DEFAULT_TIMEFRAME: M15
ENABLE_STOPLOSS: True
STOPLOSS_PIPS: 50.0
ENABLE_TAKEPROFIT: True
TAKEPROFIT_PIPS: 100.0
LOG_LEVEL: INFO
2025-10-21 03:52:09 - AITrader - INFO - 🔍 Проверка доступности рынка...
2025-10-21 03:52:09 - AITrader - WARNING - ⚠️ Символ USDRUBrfd не обновлялся 21432 сек
2025-10-21 03:52:09 - AITrader - WARNING - ⚠️ Символ EURRUBrfd не обновлялся 21431 сек
2025-10-21 03:52:09 - AITrader - INFO - ✅ Рынок доступен для торговли. Активные символы: EURUSDrfd, GBPUSDrfd, USDJPYrfd
2025-10-21 03:52:09 - AITrader - INFO - 🎯 Рынок доступен. Торговля возможна.
2025-10-21 03:52:09 - AITrader - INFO - 🎯 Установлена стратегия: Улучшенная MA стратегия
2025-10-21 03:52:09 - AITrader - INFO - 📝 Описание: Стратегия на скользящих средних с RSI, MACD и Volume фильтрами
2025-10-21 03:52:09 - AITrader - INFO - ✅ AI Trader успешно инициализирован
2025-10-21 03:52:15 - AITrader - ERROR - ❌ Критическая ошибка в приложении: 'AITrader' object has no attribute 'trading_operations_flow'
2025-10-21 03:52:15 - AITrader - INFO - 🛑 Завершение работы AI Trader...
2025-10-21 03:52:15 - AITrader - INFO - 🛑 Мониторинг в реальном времени остановлен
2025-10-21 03:52:15 - AITrader - INFO - 👋 AI Trader остановлен
2025-10-21 03:52:15 - AITrader - INFO - ✅ AI Trader завершил работу
2025-10-21 03:52:20 - AITrader - INFO - 🚀 Инициализация AI Trader...
2025-10-21 03:52:20 - AITrader - INFO - 🚀 Инициализация AI Trader...
2025-10-21 03:52:20 - AITrader - INFO - ✅ Настройки проверены
2025-10-21 03:52:20 - AITrader - INFO - ⚙️ Текущие настройки:
MT5_PATH: C:\\Program Files\\MetaTrader 5 Alfa-Forex\\terminal64.exe
MT5_LOGIN: 2000067543
MT5_SERVER: AlfaForexRU-Real
TRADING_STYLE: positional (Позиционная торговля (долгосрочная))
RISK_PERCENT: 1.0
DEFAULT_SYMBOL: EURUSDrfd
DEFAULT_TIMEFRAME: M15
ENABLE_STOPLOSS: True
STOPLOSS_PIPS: 50.0
ENABLE_TAKEPROFIT: True
TAKEPROFIT_PIPS: 100.0
LOG_LEVEL: INFO
2025-10-21 03:52:20 - AITrader - INFO - 🔍 Проверка доступности рынка...
2025-10-21 03:52:20 - AITrader - WARNING - ⚠️ Символ USDRUBrfd не обновлялся 21442 сек
2025-10-21 03:52:20 - AITrader - WARNING - ⚠️ Символ EURRUBrfd не обновлялся 21441 сек
2025-10-21 03:52:20 - AITrader - INFO - ✅ Рынок доступен для торговли. Активные символы: EURUSDrfd, GBPUSDrfd, USDJPYrfd
2025-10-21 03:52:20 - AITrader - INFO - 🎯 Рынок доступен. Торговля возможна.
2025-10-21 03:52:20 - AITrader - INFO - 🎯 Установлена стратегия: Улучшенная MA стратегия
2025-10-21 03:52:20 - AITrader - INFO - 📝 Описание: Стратегия на скользящих средних с RSI, MACD и Volume фильтрами
2025-10-21 03:52:20 - AITrader - INFO - ✅ AI Trader успешно инициализирован
2025-10-21 03:52:22 - AITrader - ERROR - ❌ Критическая ошибка в приложении: 'AITrader' object has no attribute 'show_positions_and_orders'
2025-10-21 03:52:22 - AITrader - INFO - 🛑 Завершение работы AI Trader...
2025-10-21 03:52:22 - AITrader - INFO - 🛑 Мониторинг в реальном времени остановлен
2025-10-21 03:52:22 - AITrader - INFO - 👋 AI Trader остановлен
2025-10-21 03:52:22 - AITrader - INFO - ✅ AI Trader завершил работу
2025-10-21 03:52:40 - AITrader - INFO - 🚀 Инициализация AI Trader...
2025-10-21 03:52:40 - AITrader - INFO - 🚀 Инициализация AI Trader...
2025-10-21 03:52:40 - AITrader - INFO - ✅ Настройки проверены
2025-10-21 03:52:40 - AITrader - INFO - ⚙️ Текущие настройки:
MT5_PATH: C:\\Program Files\\MetaTrader 5 Alfa-Forex\\terminal64.exe
MT5_LOGIN: 2000067543
MT5_SERVER: AlfaForexRU-Real
TRADING_STYLE: positional (Позиционная торговля (долгосрочная))
RISK_PERCENT: 1.0
DEFAULT_SYMBOL: EURUSDrfd
DEFAULT_TIMEFRAME: M15
ENABLE_STOPLOSS: True
STOPLOSS_PIPS: 50.0
ENABLE_TAKEPROFIT: True
TAKEPROFIT_PIPS: 100.0
LOG_LEVEL: INFO
2025-10-21 03:52:40 - AITrader - INFO - 🔍 Проверка доступности рынка...
2025-10-21 03:52:40 - AITrader - WARNING - ⚠️ Символ USDRUBrfd не обновлялся 21462 сек
2025-10-21 03:52:40 - AITrader - WARNING - ⚠️ Символ EURRUBrfd не обновлялся 21461 сек
2025-10-21 03:52:40 - AITrader - INFO - ✅ Рынок доступен для торговли. Активные символы: EURUSDrfd, GBPUSDrfd, USDJPYrfd
2025-10-21 03:52:40 - AITrader - INFO - 🎯 Рынок доступен. Торговля возможна.
2025-10-21 03:52:40 - AITrader - INFO - 🎯 Установлена стратегия: Улучшенная MA стратегия
2025-10-21 03:52:40 - AITrader - INFO - 📝 Описание: Стратегия на скользящих средних с RSI, MACD и Volume фильтрами
2025-10-21 03:52:40 - AITrader - INFO - ✅ AI Trader успешно инициализирован
2025-10-21 03:53:08 - AITrader - ERROR - ❌ Критическая ошибка в приложении: 'AITrader' object has no attribute 'update_risk_management'
2025-10-21 03:53:08 - AITrader - INFO - 🛑 Завершение работы AI Trader...
2025-10-21 03:53:08 - AITrader - INFO - 🛑 Мониторинг в реальном времени остановлен
2025-10-21 03:53:08 - AITrader - INFO - 👋 AI Trader остановлен
2025-10-21 03:53:08 - AITrader - INFO - ✅ AI Trader завершил работу
2025-10-21 03:53:14 - AITrader - INFO - 🚀 Инициализация AI Trader...
2025-10-21 03:53:14 - AITrader - INFO - 🚀 Инициализация AI Trader...
2025-10-21 03:53:14 - AITrader - INFO - ✅ Настройки проверены
2025-10-21 03:53:14 - AITrader - INFO - ⚙️ Текущие настройки:
MT5_PATH: C:\\Program Files\\MetaTrader 5 Alfa-Forex\\terminal64.exe
MT5_LOGIN: 2000067543
MT5_SERVER: AlfaForexRU-Real
TRADING_STYLE: positional (Позиционная торговля (долгосрочная))
RISK_PERCENT: 1.0
DEFAULT_SYMBOL: EURUSDrfd
DEFAULT_TIMEFRAME: M15
ENABLE_STOPLOSS: True
STOPLOSS_PIPS: 50.0
ENABLE_TAKEPROFIT: True
TAKEPROFIT_PIPS: 100.0
LOG_LEVEL: INFO
2025-10-21 03:53:14 - AITrader - INFO - 🔍 Проверка доступности рынка...
2025-10-21 03:53:14 - AITrader - WARNING - ⚠️ Символ USDRUBrfd не обновлялся 21496 сек
2025-10-21 03:53:14 - AITrader - WARNING - ⚠️ Символ EURRUBrfd не обновлялся 21495 сек
2025-10-21 03:53:14 - AITrader - INFO - ✅ Рынок доступен для торговли. Активные символы: EURUSDrfd, GBPUSDrfd, USDJPYrfd
2025-10-21 03:53:14 - AITrader - INFO - 🎯 Рынок доступен. Торговля возможна.
2025-10-21 03:53:14 - AITrader - INFO - 🎯 Установлена стратегия: Улучшенная MA стратегия
2025-10-21 03:53:14 - AITrader - INFO - 📝 Описание: Стратегия на скользящих средних с RSI, MACD и Volume фильтрами
2025-10-21 03:53:14 - AITrader - INFO - ✅ AI Trader успешно инициализирован
2025-10-21 03:53:32 - AITrader - INFO - ✅ Индикаторы стратегии 'Улучшенная MA стратегия' рассчитаны
2025-10-21 03:53:58 - AITrader - INFO - 🛑 Завершение работы AI Trader...
2025-10-21 03:53:58 - AITrader - INFO - 🛑 Мониторинг в реальном времени остановлен
2025-10-21 03:53:58 - AITrader - INFO - 👋 AI Trader остановлен
2025-10-21 03:53:58 - AITrader - INFO - ✅ AI Trader завершил работу
2025-10-21 03:58:50 - AITrader - INFO - 🚀 Инициализация AI Trader...
2025-10-21 03:58:50 - AITrader - INFO - 🚀 Инициализация AI Trader...
2025-10-21 03:58:50 - AITrader - INFO - ✅ Настройки проверены
2025-10-21 03:58:50 - AITrader - INFO - ⚙️ Текущие настройки:
MT5_PATH: C:\\Program Files\\MetaTrader 5 Alfa-Forex\\terminal64.exe
MT5_LOGIN: 2000067543
MT5_SERVER: AlfaForexRU-Real
TRADING_STYLE: positional (Позиционная торговля (долгосрочная))
RISK_PERCENT: 1.0
DEFAULT_SYMBOL: EURUSDrfd
DEFAULT_TIMEFRAME: M15
ENABLE_STOPLOSS: True
STOPLOSS_PIPS: 50.0
ENABLE_TAKEPROFIT: True
TAKEPROFIT_PIPS: 100.0
LOG_LEVEL: INFO
2025-10-21 03:58:50 - AITrader - INFO - 🔍 Проверка доступности рынка...
2025-10-21 03:58:50 - AITrader - WARNING - ⚠️ Символ USDRUBrfd не обновлялся 21833 сек
2025-10-21 03:58:50 - AITrader - WARNING - ⚠️ Символ EURRUBrfd не обновлялся 21832 сек
2025-10-21 03:58:50 - AITrader - INFO - ✅ Рынок доступен для торговли. Активные символы: EURUSDrfd, GBPUSDrfd, USDJPYrfd
2025-10-21 03:58:50 - AITrader - INFO - 🎯 Рынок доступен. Торговля возможна.
2025-10-21 03:58:50 - AITrader - INFO - 🎯 Установлена стратегия: Улучшенная MA стратегия
2025-10-21 03:58:50 - AITrader - INFO - 📝 Описание: Стратегия на скользящих средних с RSI, MACD и Volume фильтрами
2025-10-21 03:58:50 - AITrader - INFO - ✅ AI Trader успешно инициализирован
2025-10-21 04:00:17 - AITrader - ERROR - ❌ Ошибка технического анализа: 'SimpleMAStrategy' object has no attribute 'analyze'
2025-10-21 04:00:38 - AITrader - ERROR - ❌ Ошибка технического анализа: 'SimpleMAStrategy' object has no attribute 'analyze'
2025-10-21 04:00:49 - AITrader - ERROR - ❌ Ошибка технического анализа: 'SimpleMAStrategy' object has no attribute 'analyze'
2025-10-21 04:02:24 - AITrader - INFO - ⚙️ Обновлен уровень риска: 2.5%
2025-10-21 04:03:52 - AITrader - INFO - Приложение прервано пользователем (Ctrl+C)
2025-10-21 04:03:52 - AITrader - INFO - 🛑 Завершение работы AI Trader...
2025-10-21 04:03:52 - AITrader - INFO - 🛑 Мониторинг в реальном времени остановлен
2025-10-21 04:03:52 - AITrader - INFO - 👋 AI Trader остановлен
2025-10-21 04:03:52 - AITrader - INFO - ✅ AI Trader завершил работу
2025-10-21 12:43:34 - AITrader - INFO - 🚀 Инициализация AI Trader...
2025-10-21 12:43:34 - AITrader - INFO - 🚀 Инициализация AI Trader...
2025-10-21 12:43:34 - AITrader - INFO - ✅ Настройки проверены
2025-10-21 12:43:34 - AITrader - INFO - ⚙️ Текущие настройки:
MT5_PATH: C:\\Program Files\\MetaTrader 5 Alfa-Forex\\terminal64.exe
MT5_LOGIN: 2000067543
MT5_SERVER: AlfaForexRU-Real
TRADING_STYLE: positional (Позиционная торговля (долгосрочная))
RISK_PERCENT: 1.0
DEFAULT_SYMBOL: EURUSDrfd
DEFAULT_TIMEFRAME: M15
ENABLE_STOPLOSS: True
STOPLOSS_PIPS: 50.0
ENABLE_TAKEPROFIT: True
TAKEPROFIT_PIPS: 100.0
LOG_LEVEL: INFO
2025-10-21 12:43:45 - AITrader - INFO - 🔍 Проверка доступности рынка...
2025-10-21 12:43:45 - AITrader - WARNING - ⚠️ Символ EURUSDrfd не обновлялся 20390 сек
2025-10-21 12:43:45 - AITrader - WARNING - ⚠️ Символ GBPUSDrfd не обновлялся 20390 сек
2025-10-21 12:43:45 - AITrader - WARNING - ⚠️ Символ USDJPYrfd не обновлялся 20390 сек
2025-10-21 12:43:45 - AITrader - WARNING - ⚠️ Символ USDCHFrfd не обновлялся 20390 сек
2025-10-21 12:43:45 - AITrader - WARNING - ⚠️ Символ USDCADrfd не обновлялся 20390 сек
2025-10-21 12:43:45 - AITrader - WARNING - ⚠️ Символ AUDUSDrfd не обновлялся 20390 сек
2025-10-21 12:43:45 - AITrader - WARNING - ⚠️ Символ NZDUSDrfd не обновлялся 20390 сек
2025-10-21 12:43:45 - AITrader - WARNING - ⚠️ Символ USDRUBrfd не обновлялся 53328 сек
2025-10-21 12:43:45 - AITrader - WARNING - ⚠️ Символ EURRUBrfd не обновлялся 53327 сек
2025-10-21 12:43:45 - AITrader - WARNING - ⚠️ Символ AUDCADrfd не обновлялся 20390 сек
2025-10-21 12:43:45 - AITrader - WARNING - ⚠️ Внимание: Не удалось получить актуальные котировки. Проверьте подключение к рынку.
2025-10-21 12:43:45 - AITrader - WARNING - ⚠️ Внимание: Проблемы с доступом к рынку. Некоторые функции могут быть ограничены.
2025-10-21 12:43:45 - AITrader - INFO - 🎯 Установлена стратегия: Улучшенная MA стратегия
2025-10-21 12:43:45 - AITrader - INFO - 📝 Описание: Стратегия на скользящих средних с RSI, MACD и Volume фильтрами
2025-10-21 12:43:45 - AITrader - INFO - ✅ AI Trader успешно инициализирован
2025-10-21 12:44:22 - AITrader - INFO - 🛑 Завершение работы AI Trader...
2025-10-21 12:44:22 - AITrader - INFO - 🛑 Мониторинг в реальном времени остановлен
2025-10-21 12:44:22 - AITrader - INFO - 👋 AI Trader остановлен
2025-10-21 12:44:22 - AITrader - INFO - ✅ AI Trader завершил работу
2025-10-21 12:44:28 - AITrader - INFO - 🚀 Инициализация AI Trader...
2025-10-21 12:44:28 - AITrader - INFO - 🚀 Инициализация AI Trader...
2025-10-21 12:44:28 - AITrader - INFO - ✅ Настройки проверены
2025-10-21 12:44:28 - AITrader - INFO - ⚙️ Текущие настройки:
MT5_PATH: C:\\Program Files\\MetaTrader 5 Alfa-Forex\\terminal64.exe
MT5_LOGIN: 2000067543
MT5_SERVER: AlfaForexRU-Real
TRADING_STYLE: positional (Позиционная торговля (долгосрочная))
RISK_PERCENT: 1.0
DEFAULT_SYMBOL: EURUSDrfd
DEFAULT_TIMEFRAME: M15
ENABLE_STOPLOSS: True
STOPLOSS_PIPS: 50.0
ENABLE_TAKEPROFIT: True
TAKEPROFIT_PIPS: 100.0
LOG_LEVEL: INFO
2025-10-21 12:44:28 - AITrader - INFO - 🔍 Проверка доступности рынка...
2025-10-21 12:44:28 - AITrader - INFO - ✅ Рынок доступен для торговли. Активные символы: EURUSDrfd, GBPUSDrfd, USDJPYrfd
2025-10-21 12:44:28 - AITrader - INFO - 🎯 Рынок доступен. Торговля возможна.
2025-10-21 12:44:28 - AITrader - INFO - 🎯 Установлена стратегия: Улучшенная MA стратегия
2025-10-21 12:44:28 - AITrader - INFO - 📝 Описание: Стратегия на скользящих средних с RSI, MACD и Volume фильтрами
2025-10-21 12:44:28 - AITrader - INFO - ✅ AI Trader успешно инициализирован
2025-10-21 12:46:11 - AITrader - ERROR - ❌ Ошибка технического анализа: 'SimpleMAStrategy' object has no attribute 'analyze'
2025-10-21 12:46:53 - AITrader - ERROR - ❌ Ошибка открытия позиции: 'Trader' object has no attribute 'open_position'
2025-10-21 12:47:24 - AITrader - ERROR - ❌ Ошибка открытия позиции: 'Trader' object has no attribute 'open_position'
2025-10-21 12:47:47 - AITrader - INFO - ⚙️ Обновлен уровень риска: 2.0%
2025-10-21 12:48:13 - AITrader - INFO - ✅ Индикаторы стратегии 'Улучшенная MA стратегия' рассчитаны
2025-10-21 13:13:28 - AITrader - INFO - 🎯 Установлена стратегия: Продвинутая мульти-стратегия
2025-10-21 13:13:28 - AITrader - INFO - 📝 Описание: Комплексная стратегия с множеством индикаторов и машинным обучением
2025-10-21 13:13:45 - AITrader - INFO - 🚀 Запущен мониторинг в реальном времени для 6 символов
2025-10-21 13:15:20 - AITrader - INFO - 🛑 Мониторинг в реальном времени остановлен
2025-10-21 13:15:51 - AITrader - INFO - Приложение прервано пользователем (Ctrl+C)
2025-10-21 13:15:51 - AITrader - INFO - 🛑 Завершение работы AI Trader...
2025-10-21 13:15:51 - AITrader - INFO - 🛑 Мониторинг в реальном времени остановлен
2025-10-21 13:15:51 - AITrader - INFO - 👋 AI Trader остановлен
2025-10-21 13:15:51 - AITrader - INFO - ✅ AI Trader завершил работу
2025-11-26 14:03:24 - AITrader - INFO - 🚀 Инициализация AI Trader...
2025-11-26 14:03:24 - AITrader - INFO - 🚀 Инициализация AI Trader...
2025-11-26 14:03:24 - AITrader - INFO - ✅ Настройки проверены
2025-11-26 14:03:24 - AITrader - INFO - ⚙️ Текущие настройки:
MT5_PATH: C:\\Program Files\\MetaTrader 5 Alfa-Forex\\terminal64.exe
MT5_LOGIN: 2000067543
MT5_SERVER: AlfaForexRU-Real
TRADING_STYLE: positional (Позиционная торговля (долгосрочная))
RISK_PERCENT: 1.0
DEFAULT_SYMBOL: EURUSDrfd
DEFAULT_TIMEFRAME: M15
ENABLE_STOPLOSS: True
STOPLOSS_PIPS: 50.0
ENABLE_TAKEPROFIT: True
TAKEPROFIT_PIPS: 100.0
LOG_LEVEL: INFO
2025-11-26 14:03:30 - AITrader - ERROR - ❌ Ошибка инициализации MT5: Ошибка инициализации MT5: Неизвестная ошибка: (-6, 'Terminal: Authorization failed')
2025-11-26 14:03:30 - AITrader - ERROR - ❌ Не удалось инициализировать AI Trader
2025-11-26 14:03:30 - AITrader - INFO - 🛑 Завершение работы AI Trader...
2025-11-26 14:03:30 - AITrader - INFO - 👋 AI Trader остановлен
2025-11-26 14:03:30 - AITrader - INFO - ✅ AI Trader завершил работу
2025-11-26 14:06:17 - AITrader - INFO - 🚀 Инициализация AI Trader...
2025-11-26 14:06:17 - AITrader - INFO - 🚀 Инициализация AI Trader...
2025-11-26 14:06:17 - AITrader - INFO - ✅ Настройки проверены
2025-11-26 14:06:17 - AITrader - INFO - ⚙️ Текущие настройки:
MT5_PATH: C:\\Program Files\\MetaTrader 5 Alfa-Forex\\terminal64.exe
MT5_LOGIN: 2000067543
MT5_SERVER: AlfaForexRU-Real
TRADING_STYLE: positional (Позиционная торговля (долгосрочная))
RISK_PERCENT: 1.0
DEFAULT_SYMBOL: EURUSDrfd
DEFAULT_TIMEFRAME: M15
ENABLE_STOPLOSS: True
STOPLOSS_PIPS: 50.0
ENABLE_TAKEPROFIT: True
TAKEPROFIT_PIPS: 100.0
LOG_LEVEL: INFO
2025-11-26 14:06:22 - AITrader - ERROR - ❌ Ошибка инициализации MT5: Ошибка инициализации MT5: Неизвестная ошибка: (-6, 'Terminal: Authorization failed')
2025-11-26 14:06:22 - AITrader - ERROR - ❌ Не удалось инициализировать AI Trader
2025-11-26 14:06:22 - AITrader - INFO - 🛑 Завершение работы AI Trader...
2025-11-26 14:06:22 - AITrader - INFO - 👋 AI Trader остановлен
2025-11-26 14:06:22 - AITrader - INFO - ✅ AI Trader завершил работу
2025-11-26 14:08:14 - AITrader - INFO - 🚀 Инициализация AI Trader...
2025-11-26 14:08:14 - AITrader - INFO - 🚀 Инициализация AI Trader...
2025-11-26 14:08:14 - AITrader - INFO - ✅ Настройки проверены
2025-11-26 14:08:14 - AITrader - INFO - ⚙️ Текущие настройки:
MT5_PATH: C:\\Program Files\\MetaTrader 5 Alfa-Forex\\terminal64.exe
MT5_LOGIN: 2000067543
MT5_SERVER: AlfaForexRU-Real
TRADING_STYLE: positional (Позиционная торговля (долгосрочная))
RISK_PERCENT: 1.0
DEFAULT_SYMBOL: EURUSDrfd
DEFAULT_TIMEFRAME: M15
ENABLE_STOPLOSS: True
STOPLOSS_PIPS: 50.0
ENABLE_TAKEPROFIT: True
TAKEPROFIT_PIPS: 100.0
LOG_LEVEL: INFO
2025-11-26 14:08:16 - AITrader - ERROR - ❌ Ошибка инициализации MT5: Ошибка инициализации MT5: Неизвестная ошибка: (-6, 'Terminal: Authorization failed')
2025-11-26 14:08:16 - AITrader - ERROR - ❌ Не удалось инициализировать AI Trader
2025-11-26 14:08:16 - AITrader - INFO - 🛑 Завершение работы AI Trader...
2025-11-26 14:08:16 - AITrader - INFO - 👋 AI Trader остановлен
2025-11-26 14:08:16 - AITrader - INFO - ✅ AI Trader завершил работу
2025-11-26 14:09:26 - AITrader - INFO - 🚀 Инициализация AI Trader...
2025-11-26 14:09:26 - AITrader - INFO - 🚀 Инициализация AI Trader...
2025-11-26 14:09:26 - AITrader - INFO - ✅ Настройки проверены
2025-11-26 14:09:26 - AITrader - INFO - ⚙️ Текущие настройки:
MT5_PATH: C:\\Program Files\\MetaTrader 5 Alfa-Forex\\terminal64.exe
MT5_LOGIN: 2000067543
MT5_SERVER: AlfaForexRU-Real
TRADING_STYLE: positional (Позиционная торговля (долгосрочная))
RISK_PERCENT: 1.0
DEFAULT_SYMBOL: EURUSDrfd
DEFAULT_TIMEFRAME: M15
ENABLE_STOPLOSS: True
STOPLOSS_PIPS: 50.0
ENABLE_TAKEPROFIT: True
TAKEPROFIT_PIPS: 100.0
LOG_LEVEL: INFO
2025-11-26 14:09:26 - AITrader - INFO - 🔍 Проверка доступности рынка...
2025-11-26 14:09:26 - AITrader - INFO - ✅ Рынок доступен для торговли. Активные символы: EURUSDrfd, GBPUSDrfd, USDJPYrfd
2025-11-26 14:09:26 - AITrader - INFO - 🎯 Рынок доступен. Торговля возможна.
2025-11-26 14:09:26 - AITrader - INFO - 🎯 Установлена стратегия: Улучшенная MA стратегия
2025-11-26 14:09:26 - AITrader - INFO - 📝 Описание: Стратегия на скользящих средних с RSI, MACD и Volume фильтрами
2025-11-26 14:09:26 - AITrader - INFO - ✅ AI Trader успешно инициализирован
2025-11-26 14:16:36 - AITrader - INFO - ⚙️ Обновлен уровень риска: 2.0%
2025-11-26 14:16:56 - AITrader - INFO - ✅ Индикаторы стратегии 'Улучшенная MA стратегия' рассчитаны
2025-11-26 14:17:17 - AITrader - INFO - 🎯 Установлена стратегия: Продвинутая мульти-стратегия
2025-11-26 14:17:17 - AITrader - INFO - 📝 Описание: Комплексная стратегия с множеством индикаторов и машинным обучением
2025-11-26 14:17:55 - AITrader - INFO - 🎯 Установлена стратегия: Продвинутая мульти-стратегия
2025-11-26 14:17:55 - AITrader - INFO - 📝 Описание: Комплексная стратегия с множеством индикаторов и машинным обучением
2025-11-26 14:18:47 - AITrader - INFO - 🚀 Запущен мониторинг в реальном времени для 6 символов
2025-11-26 14:19:37 - AITrader - INFO - 🛑 Мониторинг в реальном времени остановлен
2025-11-26 14:19:57 - AITrader - INFO - 🛑 Завершение работы AI Trader...
2025-11-26 14:19:57 - AITrader - INFO - 🛑 Мониторинг в реальном времени остановлен
2025-11-26 14:19:57 - AITrader - INFO - 👋 AI Trader остановлен
2025-11-26 14:19:57 - AITrader - INFO - ✅ AI Trader завершил работу
